<?xml version="1.0" encoding="UTF-8"?>
<testng-results skipped="0" failed="0" total="4" passed="4">
  <reporter-output>
  </reporter-output>
  <suite name="Suite" duration-ms="104097" started-at="2021-12-04T18:38:07Z" finished-at="2021-12-04T18:39:52Z">
    <groups>
      <group name="cucumber">
        <method signature="AbstractTestNGCucumberTests.feature(cucumber.api.testng.CucumberFeatureWrapper)[pri:0, instance:tt.runners.RunnerClass@a48474]" name="feature" class="cucumber.api.testng.AbstractTestNGCucumberTests"/>
      </group> <!-- cucumber -->
    </groups>
    <test name="Test" duration-ms="104097" started-at="2021-12-04T18:38:07Z" finished-at="2021-12-04T18:39:52Z">
      <class name="tt.runners.RunnerClass">
        <test-method status="PASS" signature="setUpClass()[pri:0, instance:tt.runners.RunnerClass@a48474]" name="setUpClass" is-config="true" duration-ms="132" started-at="2021-12-04T13:38:07Z" finished-at="2021-12-04T13:38:08Z">
          <reporter-output>
          </reporter-output>
        </test-method> <!-- setUpClass -->
        <test-method status="PASS" signature="feature(cucumber.api.testng.CucumberFeatureWrapper)[pri:0, instance:tt.runners.RunnerClass@a48474]" name="feature" duration-ms="47839" started-at="2021-12-04T13:38:08Z" description="Runs Cucumber Feature" data-provider="features" finished-at="2021-12-04T13:38:55Z">
          <params>
            <param index="0">
              <value>
                <![CDATA[Ebay Brand Outline]]>
              </value>
            </param>
          </params>
          <reporter-output>
          </reporter-output>
        </test-method> <!-- feature -->
        <test-method status="PASS" signature="feature(cucumber.api.testng.CucumberFeatureWrapper)[pri:0, instance:tt.runners.RunnerClass@a48474]" name="feature" duration-ms="33513" started-at="2021-12-04T13:38:55Z" description="Runs Cucumber Feature" data-provider="features" finished-at="2021-12-04T13:39:29Z">
          <params>
            <param index="0">
              <value>
                <![CDATA[Ebay Cart Functionality]]>
              </value>
            </param>
          </params>
          <reporter-output>
          </reporter-output>
        </test-method> <!-- feature -->
        <test-method status="PASS" signature="feature(cucumber.api.testng.CucumberFeatureWrapper)[pri:0, instance:tt.runners.RunnerClass@a48474]" name="feature" duration-ms="8371" started-at="2021-12-04T13:39:29Z" description="Runs Cucumber Feature" data-provider="features" finished-at="2021-12-04T13:39:37Z">
          <params>
            <param index="0">
              <value>
                <![CDATA[Ebay Search Functionality]]>
              </value>
            </param>
          </params>
          <reporter-output>
          </reporter-output>
        </test-method> <!-- feature -->
        <test-method status="PASS" signature="feature(cucumber.api.testng.CucumberFeatureWrapper)[pri:0, instance:tt.runners.RunnerClass@a48474]" name="feature" duration-ms="13956" started-at="2021-12-04T13:39:37Z" description="Runs Cucumber Feature" data-provider="features" finished-at="2021-12-04T13:39:51Z">
          <params>
            <param index="0">
              <value>
                <![CDATA[Ebay Summary Mousehover]]>
              </value>
            </param>
          </params>
          <reporter-output>
          </reporter-output>
        </test-method> <!-- feature -->
        <test-method status="PASS" signature="writeExtentReport()[pri:0, instance:tt.runners.RunnerClass@a48474]" name="writeExtentReport" is-config="true" duration-ms="17" started-at="2021-12-04T13:39:51Z" finished-at="2021-12-04T13:39:51Z">
          <reporter-output>
          </reporter-output>
        </test-method> <!-- writeExtentReport -->
        <test-method status="PASS" signature="tearDownClass()[pri:0, instance:tt.runners.RunnerClass@a48474]" name="tearDownClass" is-config="true" duration-ms="221" started-at="2021-12-04T13:39:51Z" finished-at="2021-12-04T13:39:52Z">
          <reporter-output>
          </reporter-output>
        </test-method> <!-- tearDownClass -->
      </class> <!-- tt.runners.RunnerClass -->
    </test> <!-- Test -->
  </suite> <!-- Suite -->
</testng-results>
